<?xml version="1.0" encoding="UTF-8"?>
<testsuite name="testaCliente" tests="6" skipped="0" failures="0" errors="0" timestamp="2023-03-29T00:21:29" hostname="CALAZANSH" time="2.284">
  <properties/>
  <testcase name="Quando eu pegar um cliente especifico, entao ele deve aparecer cadastrado" classname="testaCliente" time="1.735"/>
  <testcase name="Quando eu pegar a lista de clientes depois de cadastrar, entao a lista deve mostrar os clientes cadastrados" classname="testaCliente" time="0.146"/>
  <testcase name="Quando  atualizar um cliente, entao ele deve estar com os dados atualizados" classname="testaCliente" time="0.089"/>
  <testcase name="Quando cadastrar um cliente, entao ele deve estar disponivel no resultado" classname="testaCliente" time="0.044"/>
  <testcase name="Quando eu pegar um cliente pelo risco, entao ele deve aparecer os dados do cliente incluindo o risco" classname="testaCliente" time="0.206"/>
  <testcase name="Quando eu deletar um cliente especifico, entao ele nao deve estar mais na lista de clientes." classname="testaCliente" time="0.059"/>
  <system-out><![CDATA[]]></system-out>
  <system-err><![CDATA[]]></system-err>
</testsuite>
